[debug] > Exec(early(addDefaultCommands), None, None)
[debug] > Exec(addDefaultCommands, None, None)
[debug] > Exec(early(initialize), None, None)
[debug] > Exec(initialize, None, None)
[debug] > Exec(early(addPluginSbtFile="""C:\Users\samae\AppData\Local\Temp\idea.sbt"""), None, None)
[debug] > Exec(addPluginSbtFile="""C:\Users\samae\AppData\Local\Temp\idea.sbt""", None, None)
[debug] > Exec(boot, None, None)
[debug] > Exec(writeSbtVersion, None, None)
[debug] > Exec(reload, None, None)
[debug] > Exec(sbtStashOnFailure, None, None)
[debug] > Exec(onFailure loadFailed, None, None)
[debug] > Exec(loadp, None, None)
[info] welcome to sbt 1.9.6 (Oracle Corporation Java 20.0.2)
[debug]       Load.loadUnit: plugins took 128.8093ms
[debug]       Load.loadUnit: defsScala took 0.9006ms
[debug] [Loading] Scanning directory C:\Users\samae\.sbt\1.0\plugins
[debug] [Loading] Found non-root projects 
[debug] [Loading] Done in C:\Users\samae\.sbt\1.0\plugins, returning: ()
[debug] deducing auto plugins based on known facts Set(Atom(sbt.plugins.CorePlugin)) and clauses Clauses(Clause(Atom(sbt.plugins.JvmPlugin),Set(Atom(sbt.plugins.IvyPlugin)))
[debug] Clause(Atom(sbt.ScriptedPlugin),Set(Atom(sbt.plugins.JvmPlugin)))
[debug] Clause(Atom(sbt.plugins.SbtPlugin),Set(Atom(sbt.ScriptedPlugin)))
[debug] Clause(Atom(sbt.plugins.SemanticdbPlugin),Set(Atom(sbt.plugins.JvmPlugin)))
[debug] Clause(Atom(sbt.plugins.JUnitXmlReportPlugin),Set(Atom(sbt.plugins.JvmPlugin)))
[debug] Clause(Atom(sbt.plugins.MiniDependencyTreePlugin),Set(Atom(sbt.plugins.JvmPlugin)))
[debug] Clause(Atom(sbt.plugins.CorePlugin),Set(Atom(sbt.plugins.IvyPlugin)))
[debug] Clause(Atom(sbt.plugins.IvyPlugin),Set(Atom(sbt.plugins.JvmPlugin)))
[debug] Clause(Atom(sbt.plugins.JvmPlugin),Set(Atom(sbt.plugins.SemanticdbPlugin)))
[debug] Clause(Atom(sbt.plugins.JvmPlugin),Set(Atom(sbt.plugins.JUnitXmlReportPlugin)))
[debug] Clause(Atom(sbt.plugins.CorePlugin),Set(Atom(sbt.plugins.Giter8TemplatePlugin)))
[debug] Clause(Atom(sbt.plugins.JvmPlugin),Set(Atom(sbt.plugins.MiniDependencyTreePlugin))))
[debug]   :: deduced result: Matched(sbt.plugins.CorePlugin,sbt.plugins.Giter8TemplatePlugin,sbt.plugins.IvyPlugin,sbt.plugins.JvmPlugin,sbt.plugins.MiniDependencyTreePlugin,sbt.plugins.JUnitXmlReportPlugin,sbt.plugins.SemanticdbPlugin)
[debug] Plugins.deducer#function took 28.3865 ms
[debug]           Load.resolveProject(global-plugins) took 83.4331ms
[debug]         Load.loadTransitive: finalizeProject(Project(id global-plugins, base: C:\Users\samae\.sbt\1.0\plugins, plugins: List(<none>))) took 140.1008ms
[debug] [Loading] Done in C:\Users\samae\.sbt\1.0\plugins, returning: (global-plugins)
[debug]       Load.loadUnit: loadedProjectsRaw took 178.7982ms
[debug]       Load.loadUnit: cleanEvalClasses took 0.5847ms
[debug]     Load.loadUnit(file:/C:/Users/samae/.sbt/1.0/plugins/, ...) took 328.2886ms
[debug]   Load.apply: load took 677.3923ms
[debug]   Load.apply: resolveProjects took 9.0131ms
[debug]   Load.apply: finalTransforms took 87.4314ms
[debug]   Load.apply: config.delegates took 15.5745ms
[debug]   Load.apply: Def.make(settings)... took 564.5885ms
[debug]   Load.apply: structureIndex took 158.9004ms
[debug]   Load.apply: mkStreams took 4.5989ms
[info] loading global plugins from C:\Users\samae\.sbt\1.0\plugins
[debug] Running task... Cancel: Signal, check cycles: false, forcegc: true
[debug] Load.defaultLoad until apply took 5208.2785ms
[debug]           Load.loadUnit: plugins took 21.6794ms
[debug]           Load.loadUnit: defsScala took 0.0033ms
[debug] [Loading] Scanning directory C:\Users\samae\Documents\GitHub\Paradigmas\scalaproject\project
[debug]             Load.loadUnit: mkEval took 5.5182ms
[debug] [Loading] Found non-root projects 
[debug] [Loading] Done in C:\Users\samae\Documents\GitHub\Paradigmas\scalaproject\project, returning: ()
[debug] deducing auto plugins based on known facts Set(Atom(sbt.plugins.CorePlugin)) and clauses Clauses(Clause(Atom(sbt.plugins.JvmPlugin),Set(Atom(sbt.plugins.IvyPlugin)))
[debug] Clause(Atom(sbt.ScriptedPlugin),Set(Atom(sbt.plugins.JvmPlugin)))
[debug] Clause(Atom(sbt.plugins.SbtPlugin),Set(Atom(sbt.ScriptedPlugin)))
[debug] Clause(Atom(sbt.plugins.SemanticdbPlugin),Set(Atom(sbt.plugins.JvmPlugin)))
[debug] Clause(Atom(sbt.plugins.JUnitXmlReportPlugin),Set(Atom(sbt.plugins.JvmPlugin)))
[debug] Clause(Atom(sbt.plugins.MiniDependencyTreePlugin),Set(Atom(sbt.plugins.JvmPlugin)))
[debug] Clause(Atom(sbt.plugins.CorePlugin),Set(Atom(sbt.plugins.IvyPlugin)))
[debug] Clause(Atom(sbt.plugins.IvyPlugin),Set(Atom(sbt.plugins.JvmPlugin)))
[debug] Clause(Atom(sbt.plugins.JvmPlugin),Set(Atom(sbt.plugins.SemanticdbPlugin)))
[debug] Clause(Atom(sbt.plugins.JvmPlugin),Set(Atom(sbt.plugins.JUnitXmlReportPlugin)))
[debug] Clause(Atom(sbt.plugins.CorePlugin),Set(Atom(sbt.plugins.Giter8TemplatePlugin)))
[debug] Clause(Atom(sbt.plugins.JvmPlugin),Set(Atom(sbt.plugins.MiniDependencyTreePlugin))))
[debug]   :: deduced result: Matched(sbt.plugins.CorePlugin,sbt.plugins.Giter8TemplatePlugin,sbt.plugins.IvyPlugin,sbt.plugins.JvmPlugin,sbt.plugins.MiniDependencyTreePlugin,sbt.plugins.JUnitXmlReportPlugin,sbt.plugins.SemanticdbPlugin)
[debug] Plugins.deducer#function took 1.9391 ms
[info] loading settings for project scalaproject-build from idea.sbt ...
[debug]               Load.resolveProject(scalaproject-build) took 3.5202ms
[debug]             Load.loadTransitive: finalizeProject(Project(id scalaproject-build, base: C:\Users\samae\Documents\GitHub\Paradigmas\scalaproject\project, plugins: List(<none>))) took 5.921ms
[debug] [Loading] Done in C:\Users\samae\Documents\GitHub\Paradigmas\scalaproject\project, returning: (scalaproject-build)
[debug]           Load.loadUnit: loadedProjectsRaw took 2254.5008ms
[debug]           Load.loadUnit: cleanEvalClasses took 6.1865ms
[debug]         Load.loadUnit(file:/C:/Users/samae/Documents/GitHub/Paradigmas/scalaproject/project/, ...) took 2283.4027ms
[debug]       Load.apply: load took 2284.9692ms
[debug]       Load.apply: resolveProjects took 0.1286ms
[debug]       Load.apply: finalTransforms took 9.1297ms
[debug]       Load.apply: config.delegates took 0.4376ms
[debug]       Load.apply: Def.make(settings)... took 72.3903ms
[debug]       Load.apply: structureIndex took 38.5979ms
[debug]       Load.apply: mkStreams took 0.0036ms
[info] loading project definition from C:\Users\samae\Documents\GitHub\Paradigmas\scalaproject\project
[debug] Running task... Cancel: Signal, check cycles: false, forcegc: true
[warn] Unrecognized repository Scala Plugin Bundled Repository, ignoring it
[warn] Unrecognized repository Scala Plugin Bundled Repository, ignoring it
[debug]     Load.loadUnit: plugins took 4904.2243ms
[debug]     Load.loadUnit: defsScala took 0.0035ms
[debug] [Loading] Scanning directory C:\Users\samae\Documents\GitHub\Paradigmas\scalaproject
[debug]       Load.loadUnit: mkEval took 0.52ms
[debug] [Loading] Found root project root w/ remaining 
[debug] deducing auto plugins based on known facts Set(Atom(sbt.plugins.CorePlugin)) and clauses Clauses(Clause(Atom(sbt.plugins.JvmPlugin),Set(Atom(sbt.plugins.IvyPlugin)))
[debug] Clause(Atom(sbt.ScriptedPlugin),Set(Atom(sbt.plugins.JvmPlugin)))
[debug] Clause(Atom(sbt.plugins.SbtPlugin),Set(Atom(sbt.ScriptedPlugin)))
[debug] Clause(Atom(sbt.plugins.SemanticdbPlugin),Set(Atom(sbt.plugins.JvmPlugin)))
[debug] Clause(Atom(sbt.plugins.JUnitXmlReportPlugin),Set(Atom(sbt.plugins.JvmPlugin)))
[debug] Clause(Atom(sbt.plugins.MiniDependencyTreePlugin),Set(Atom(sbt.plugins.JvmPlugin)))
[debug] Clause(Atom(org.jetbrains.sbt.StructurePlugin),Set(Atom(sbt.plugins.JvmPlugin)))
[debug] Clause(Atom(org.jetbrains.sbt.IdeaShellPlugin),Set(Atom(sbt.plugins.JvmPlugin)))
[debug] Clause(Atom(org.jetbrains.sbt.indices.SbtIntellijIndicesPlugin),Set(Atom(sbt.plugins.JvmPlugin)))
[debug] Clause(Atom(sbt.plugins.CorePlugin),Set(Atom(sbt.plugins.IvyPlugin)))
[debug] Clause(Atom(sbt.plugins.IvyPlugin),Set(Atom(sbt.plugins.JvmPlugin)))
[debug] Clause(Atom(sbt.plugins.JvmPlugin),Set(Atom(sbt.plugins.SemanticdbPlugin)))
[debug] Clause(Atom(sbt.plugins.JvmPlugin),Set(Atom(sbt.plugins.JUnitXmlReportPlugin)))
[debug] Clause(Atom(sbt.plugins.CorePlugin),Set(Atom(sbt.plugins.Giter8TemplatePlugin)))
[debug] Clause(Atom(sbt.plugins.JvmPlugin),Set(Atom(sbt.plugins.MiniDependencyTreePlugin)))
[debug] Clause(Atom(sbt.plugins.JvmPlugin),Set(Atom(org.jetbrains.sbt.StructurePlugin)))
[debug] Clause(Atom(sbt.plugins.JvmPlugin),Set(Atom(org.jetbrains.sbt.IdeaShellPlugin)))
[debug] Clause(And(Set(Atom(sbt.plugins.CorePlugin), Atom(sbt.plugins.JvmPlugin))),Set(Atom(org.jetbrains.sbt.indices.SbtIntellijIndicesPlugin))))
[debug]   :: deduced result: Matched(sbt.plugins.CorePlugin,sbt.plugins.Giter8TemplatePlugin,sbt.plugins.IvyPlugin,sbt.plugins.JvmPlugin,sbt.plugins.SemanticdbPlugin,org.jetbrains.sbt.indices.SbtIntellijIndicesPlugin,sbt.plugins.JUnitXmlReportPlugin,org.jetbrains.sbt.IdeaShellPlugin,org.jetbrains.sbt.StructurePlugin,sbt.plugins.MiniDependencyTreePlugin)
[debug] Plugins.deducer#function took 2.1231 ms
[info] loading settings for project root from build.sbt ...
[debug]         Load.resolveProject(root) took 60.8359ms
[debug]       Load.loadTransitive: finalizeProject(Project(id root, base: C:\Users\samae\Documents\GitHub\Paradigmas\scalaproject, plugins: List(<none>))) took 65.808ms
[debug] [Loading] Done in C:\Users\samae\Documents\GitHub\Paradigmas\scalaproject, returning: (root)
[debug]     Load.loadUnit: loadedProjectsRaw took 1005.0139ms
[debug]     Load.loadUnit: cleanEvalClasses took 6.4039ms
[debug]   Load.loadUnit(file:/C:/Users/samae/Documents/GitHub/Paradigmas/scalaproject/, ...) took 5916.4782ms
[debug] Load.apply: load took 5918.4799ms
[debug] Load.apply: resolveProjects took 0.2053ms
[debug] Load.apply: finalTransforms took 26.7801ms
[debug] Load.apply: config.delegates took 0.2934ms
[debug] Load.apply: Def.make(settings)... took 64.9897ms
[debug] Load.apply: structureIndex took 21.8659ms
[debug] Load.apply: mkStreams took 0.0047ms
[info] set current project to ScalaProject (in build file:/C:/Users/samae/Documents/GitHub/Paradigmas/scalaproject/)
[debug] > Exec(sbtPopOnFailure, None, None)
[debug] > Exec(resumeFromFailure, None, None)
[debug] > Exec(notifyUsersAboutShell, None, None)
[debug] > Exec(iflast shell, None, None)
[debug] > Exec(; set ideaPort in Global := 50187 ; idea-shell, None, None)
[debug] > Exec(set ideaPort in Global := 50187, None, None)
[info] Defining Global / ideaPort
[info] The new value will be used by Compile / compile, Test / compile
[debug] Defining 
[debug] 	Global / ideaPort
[debug] 
[debug] The new value will be used by 
[debug] 	Compile / compile
[debug] 	Test / compile
[info] Reapplying settings...
[info] set current project to ScalaProject (in build file:/C:/Users/samae/Documents/GitHub/Paradigmas/scalaproject/)
[debug] > Exec(idea-shell, None, None)
