[debug] > Exec(early(addDefaultCommands), None, None)
[debug] > Exec(addDefaultCommands, None, None)
[debug] > Exec(early(initialize), None, None)
[debug] > Exec(initialize, None, None)
[debug] > Exec(early(addPluginSbtFile="""C:\Users\samae\AppData\Local\Temp\idea1.sbt"""), None, None)
[debug] > Exec(addPluginSbtFile="""C:\Users\samae\AppData\Local\Temp\idea1.sbt""", None, None)
[debug] > Exec(boot, None, None)
[debug] > Exec(writeSbtVersion, None, None)
[debug] > Exec(reload, None, None)
[debug] > Exec(sbtStashOnFailure, None, None)
[debug] > Exec(onFailure loadFailed, None, None)
[debug] > Exec(loadp, None, None)
[info] welcome to sbt 1.9.6 (Oracle Corporation Java 20.0.2)
[debug]       Load.loadUnit: plugins took 146.4579ms
[debug]       Load.loadUnit: defsScala took 0.4165ms
[debug] [Loading] Scanning directory C:\Users\samae\.sbt\1.0\plugins
[debug] [Loading] Found non-root projects 
[debug] [Loading] Done in C:\Users\samae\.sbt\1.0\plugins, returning: ()
[debug] deducing auto plugins based on known facts Set(Atom(sbt.plugins.CorePlugin)) and clauses Clauses(Clause(Atom(sbt.plugins.JvmPlugin),Set(Atom(sbt.plugins.IvyPlugin)))
[debug] Clause(Atom(sbt.ScriptedPlugin),Set(Atom(sbt.plugins.JvmPlugin)))
[debug] Clause(Atom(sbt.plugins.SbtPlugin),Set(Atom(sbt.ScriptedPlugin)))
[debug] Clause(Atom(sbt.plugins.SemanticdbPlugin),Set(Atom(sbt.plugins.JvmPlugin)))
[debug] Clause(Atom(sbt.plugins.JUnitXmlReportPlugin),Set(Atom(sbt.plugins.JvmPlugin)))
[debug] Clause(Atom(sbt.plugins.MiniDependencyTreePlugin),Set(Atom(sbt.plugins.JvmPlugin)))
[debug] Clause(Atom(sbt.plugins.CorePlugin),Set(Atom(sbt.plugins.IvyPlugin)))
[debug] Clause(Atom(sbt.plugins.IvyPlugin),Set(Atom(sbt.plugins.JvmPlugin)))
[debug] Clause(Atom(sbt.plugins.JvmPlugin),Set(Atom(sbt.plugins.SemanticdbPlugin)))
[debug] Clause(Atom(sbt.plugins.JvmPlugin),Set(Atom(sbt.plugins.JUnitXmlReportPlugin)))
[debug] Clause(Atom(sbt.plugins.CorePlugin),Set(Atom(sbt.plugins.Giter8TemplatePlugin)))
[debug] Clause(Atom(sbt.plugins.JvmPlugin),Set(Atom(sbt.plugins.MiniDependencyTreePlugin))))
[debug]   :: deduced result: Matched(sbt.plugins.CorePlugin,sbt.plugins.Giter8TemplatePlugin,sbt.plugins.IvyPlugin,sbt.plugins.JvmPlugin,sbt.plugins.MiniDependencyTreePlugin,sbt.plugins.JUnitXmlReportPlugin,sbt.plugins.SemanticdbPlugin)
[debug] Plugins.deducer#function took 35.3037 ms
[debug]           Load.resolveProject(global-plugins) took 112.9155ms
[debug]         Load.loadTransitive: finalizeProject(Project(id global-plugins, base: C:\Users\samae\.sbt\1.0\plugins, plugins: List(<none>))) took 180.3404ms
[debug] [Loading] Done in C:\Users\samae\.sbt\1.0\plugins, returning: (global-plugins)
[debug]       Load.loadUnit: loadedProjectsRaw took 223.037ms
[debug]       Load.loadUnit: cleanEvalClasses took 0.7807ms
[debug]     Load.loadUnit(file:/C:/Users/samae/.sbt/1.0/plugins/, ...) took 395.9113ms
[debug]   Load.apply: load took 659.1955ms
[debug]   Load.apply: resolveProjects took 5.5621ms
[debug]   Load.apply: finalTransforms took 79.5041ms
[debug]   Load.apply: config.delegates took 12.9811ms
[debug]   Load.apply: Def.make(settings)... took 617.0943ms
[debug]   Load.apply: structureIndex took 163.4846ms
[debug]   Load.apply: mkStreams took 6.8862ms
[info] loading global plugins from C:\Users\samae\.sbt\1.0\plugins
[debug] Running task... Cancel: Signal, check cycles: false, forcegc: true
[debug] Load.defaultLoad until apply took 3281.0252ms
[debug]           Load.loadUnit: plugins took 26.948ms
[debug]           Load.loadUnit: defsScala took 0.0056ms
[debug] [Loading] Scanning directory C:\Users\samae\Documents\GitHub\Paradigmas\scalaproject\project
[debug]             Load.loadUnit: mkEval took 9.7333ms
[debug] [Loading] Found non-root projects 
[debug] [Loading] Done in C:\Users\samae\Documents\GitHub\Paradigmas\scalaproject\project, returning: ()
[debug] deducing auto plugins based on known facts Set(Atom(sbt.plugins.CorePlugin)) and clauses Clauses(Clause(Atom(sbt.plugins.JvmPlugin),Set(Atom(sbt.plugins.IvyPlugin)))
[debug] Clause(Atom(sbt.ScriptedPlugin),Set(Atom(sbt.plugins.JvmPlugin)))
[debug] Clause(Atom(sbt.plugins.SbtPlugin),Set(Atom(sbt.ScriptedPlugin)))
[debug] Clause(Atom(sbt.plugins.SemanticdbPlugin),Set(Atom(sbt.plugins.JvmPlugin)))
[debug] Clause(Atom(sbt.plugins.JUnitXmlReportPlugin),Set(Atom(sbt.plugins.JvmPlugin)))
[debug] Clause(Atom(sbt.plugins.MiniDependencyTreePlugin),Set(Atom(sbt.plugins.JvmPlugin)))
[debug] Clause(Atom(sbt.plugins.CorePlugin),Set(Atom(sbt.plugins.IvyPlugin)))
[debug] Clause(Atom(sbt.plugins.IvyPlugin),Set(Atom(sbt.plugins.JvmPlugin)))
[debug] Clause(Atom(sbt.plugins.JvmPlugin),Set(Atom(sbt.plugins.SemanticdbPlugin)))
[debug] Clause(Atom(sbt.plugins.JvmPlugin),Set(Atom(sbt.plugins.JUnitXmlReportPlugin)))
[debug] Clause(Atom(sbt.plugins.CorePlugin),Set(Atom(sbt.plugins.Giter8TemplatePlugin)))
[debug] Clause(Atom(sbt.plugins.JvmPlugin),Set(Atom(sbt.plugins.MiniDependencyTreePlugin))))
[debug]   :: deduced result: Matched(sbt.plugins.CorePlugin,sbt.plugins.Giter8TemplatePlugin,sbt.plugins.IvyPlugin,sbt.plugins.JvmPlugin,sbt.plugins.MiniDependencyTreePlugin,sbt.plugins.JUnitXmlReportPlugin,sbt.plugins.SemanticdbPlugin)
[debug] Plugins.deducer#function took 2.0306 ms
[info] loading settings for project scalaproject-build from idea1.sbt ...
[debug]               Load.resolveProject(scalaproject-build) took 2.5701ms
[debug]             Load.loadTransitive: finalizeProject(Project(id scalaproject-build, base: C:\Users\samae\Documents\GitHub\Paradigmas\scalaproject\project, plugins: List(<none>))) took 5.1423ms
[debug] [Loading] Done in C:\Users\samae\Documents\GitHub\Paradigmas\scalaproject\project, returning: (scalaproject-build)
[debug]           Load.loadUnit: loadedProjectsRaw took 139.751ms
[debug]           Load.loadUnit: cleanEvalClasses took 6.6879ms
[debug]         Load.loadUnit(file:/C:/Users/samae/Documents/GitHub/Paradigmas/scalaproject/project/, ...) took 174.3758ms
[debug]       Load.apply: load took 176.5828ms
[debug]       Load.apply: resolveProjects took 0.1673ms
[debug]       Load.apply: finalTransforms took 8.3018ms
[debug]       Load.apply: config.delegates took 0.7213ms
[debug]       Load.apply: Def.make(settings)... took 92.2694ms
[debug]       Load.apply: structureIndex took 31.5721ms
[debug]       Load.apply: mkStreams took 0.0046ms
[info] loading project definition from C:\Users\samae\Documents\GitHub\Paradigmas\scalaproject\project
[debug] Running task... Cancel: Signal, check cycles: false, forcegc: true
[debug]     Load.loadUnit: plugins took 696.167ms
[debug]     Load.loadUnit: defsScala took 0.0031ms
[debug] [Loading] Scanning directory C:\Users\samae\Documents\GitHub\Paradigmas\scalaproject
[debug]       Load.loadUnit: mkEval took 0.2684ms
[debug] [Loading] Found root project root w/ remaining 
[debug] deducing auto plugins based on known facts Set(Atom(sbt.plugins.CorePlugin)) and clauses Clauses(Clause(Atom(sbt.plugins.JvmPlugin),Set(Atom(sbt.plugins.IvyPlugin)))
[debug] Clause(Atom(sbt.ScriptedPlugin),Set(Atom(sbt.plugins.JvmPlugin)))
[debug] Clause(Atom(sbt.plugins.SbtPlugin),Set(Atom(sbt.ScriptedPlugin)))
[debug] Clause(Atom(sbt.plugins.SemanticdbPlugin),Set(Atom(sbt.plugins.JvmPlugin)))
[debug] Clause(Atom(sbt.plugins.JUnitXmlReportPlugin),Set(Atom(sbt.plugins.JvmPlugin)))
[debug] Clause(Atom(sbt.plugins.MiniDependencyTreePlugin),Set(Atom(sbt.plugins.JvmPlugin)))
[debug] Clause(Atom(org.jetbrains.sbt.StructurePlugin),Set(Atom(sbt.plugins.JvmPlugin)))
[debug] Clause(Atom(org.jetbrains.sbt.IdeaShellPlugin),Set(Atom(sbt.plugins.JvmPlugin)))
[debug] Clause(Atom(org.jetbrains.sbt.indices.SbtIntellijIndicesPlugin),Set(Atom(sbt.plugins.JvmPlugin)))
[debug] Clause(Atom(sbt.plugins.CorePlugin),Set(Atom(sbt.plugins.IvyPlugin)))
[debug] Clause(Atom(sbt.plugins.IvyPlugin),Set(Atom(sbt.plugins.JvmPlugin)))
[debug] Clause(Atom(sbt.plugins.JvmPlugin),Set(Atom(sbt.plugins.SemanticdbPlugin)))
[debug] Clause(Atom(sbt.plugins.JvmPlugin),Set(Atom(sbt.plugins.JUnitXmlReportPlugin)))
[debug] Clause(Atom(sbt.plugins.CorePlugin),Set(Atom(sbt.plugins.Giter8TemplatePlugin)))
[debug] Clause(Atom(sbt.plugins.JvmPlugin),Set(Atom(sbt.plugins.MiniDependencyTreePlugin)))
[debug] Clause(Atom(sbt.plugins.JvmPlugin),Set(Atom(org.jetbrains.sbt.StructurePlugin)))
[debug] Clause(Atom(sbt.plugins.JvmPlugin),Set(Atom(org.jetbrains.sbt.IdeaShellPlugin)))
[debug] Clause(And(Set(Atom(sbt.plugins.CorePlugin), Atom(sbt.plugins.JvmPlugin))),Set(Atom(org.jetbrains.sbt.indices.SbtIntellijIndicesPlugin))))
[debug]   :: deduced result: Matched(sbt.plugins.CorePlugin,sbt.plugins.Giter8TemplatePlugin,sbt.plugins.IvyPlugin,sbt.plugins.JvmPlugin,sbt.plugins.SemanticdbPlugin,org.jetbrains.sbt.indices.SbtIntellijIndicesPlugin,sbt.plugins.JUnitXmlReportPlugin,org.jetbrains.sbt.IdeaShellPlugin,org.jetbrains.sbt.StructurePlugin,sbt.plugins.MiniDependencyTreePlugin)
[debug] Plugins.deducer#function took 2.5411 ms
[info] loading settings for project root from build.sbt ...
[debug]         Load.resolveProject(root) took 25.3455ms
[debug]       Load.loadTransitive: finalizeProject(Project(id root, base: C:\Users\samae\Documents\GitHub\Paradigmas\scalaproject, plugins: List(<none>))) took 30.3223ms
[debug] [Loading] Done in C:\Users\samae\Documents\GitHub\Paradigmas\scalaproject, returning: (root)
[debug]     Load.loadUnit: loadedProjectsRaw took 94.5501ms
[debug]     Load.loadUnit: cleanEvalClasses took 4.4267ms
[debug]   Load.loadUnit(file:/C:/Users/samae/Documents/GitHub/Paradigmas/scalaproject/, ...) took 796.4776ms
[debug] Load.apply: load took 799.3155ms
[debug] Load.apply: resolveProjects took 0.429ms
[debug] Load.apply: finalTransforms took 24.5089ms
[debug] Load.apply: config.delegates took 0.3795ms
[debug] Load.apply: Def.make(settings)... took 90.8489ms
[debug] Load.apply: structureIndex took 30.7575ms
[debug] Load.apply: mkStreams took 0.0033ms
[info] set current project to ScalaProject (in build file:/C:/Users/samae/Documents/GitHub/Paradigmas/scalaproject/)
[debug] > Exec(sbtPopOnFailure, None, None)
[debug] > Exec(resumeFromFailure, None, None)
[debug] > Exec(notifyUsersAboutShell, None, None)
[debug] > Exec(iflast shell, None, None)
[debug] > Exec(; set ideaPort in Global := 50187 ; idea-shell, None, None)
[debug] > Exec(set ideaPort in Global := 50187, None, None)
[info] Defining Global / ideaPort
[info] The new value will be used by Compile / compile, Test / compile
[debug] Defining 
[debug] 	Global / ideaPort
[debug] 
[debug] The new value will be used by 
[debug] 	Compile / compile
[debug] 	Test / compile
[info] Reapplying settings...
[info] set current project to ScalaProject (in build file:/C:/Users/samae/Documents/GitHub/Paradigmas/scalaproject/)
[debug] > Exec(idea-shell, None, None)
